{"numTotalTestSuites":1,"numPassedTestSuites":1,"numFailedTestSuites":0,"numPendingTestSuites":0,"numTotalTests":16,"numPassedTests":16,"numFailedTests":0,"numPendingTests":0,"numTodoTests":0,"snapshot":{"added":0,"failure":false,"filesAdded":0,"filesRemoved":0,"filesRemovedList":[],"filesUnmatched":0,"filesUpdated":0,"matched":0,"total":0,"unchecked":0,"uncheckedKeysByFile":[],"unmatched":0,"updated":0,"didUpdate":false},"startTime":1756198006733,"success":true,"testResults":[{"assertionResults":[{"ancestorTitles":[],"fullName":"[add] expect the result of 1 + 2 to be 3","status":"passed","title":"[add] expect the result of 1 + 2 to be 3","duration":1.0868350000000078,"failureMessages":[],"meta":{}},{"ancestorTitles":[],"fullName":"[add] expect the result of -1 + -0 to be -1","status":"passed","title":"[add] expect the result of -1 + -0 to be -1","duration":0.20612900000003265,"failureMessages":[],"meta":{}},{"ancestorTitles":[],"fullName":"[add] expect the result of -1.0 + 1.0 to be 0","status":"passed","title":"[add] expect the result of -1.0 + 1.0 to be 0","duration":0.1554879999999912,"failureMessages":[],"meta":{}},{"ancestorTitles":[],"fullName":"[add] expect the result of 1 + 'a' to be an error","status":"passed","title":"[add] expect the result of 1 + 'a' to be an error","duration":0.1389000000000351,"failureMessages":[],"meta":{}},{"ancestorTitles":[],"fullName":"[add] expect the result of 'a' + [1] to be an error","status":"passed","title":"[add] expect the result of 'a' + [1] to be an error","duration":0.09643099999999549,"failureMessages":[],"meta":{}},{"ancestorTitles":[],"fullName":"[sub] expect the result of 1 - 2 to be -1","status":"passed","title":"[sub] expect the result of 1 - 2 to be -1","duration":0.16571100000004435,"failureMessages":[],"meta":{}},{"ancestorTitles":[],"fullName":"[sub] expect the result of -1 - -0 to be -1","status":"passed","title":"[sub] expect the result of -1 - -0 to be -1","duration":0.14785200000000032,"failureMessages":[],"meta":{}},{"ancestorTitles":[],"fullName":"[sub] expect the result of -1.0 - 1.0 to be -2","status":"passed","title":"[sub] expect the result of -1.0 - 1.0 to be -2","duration":0.07928299999997535,"failureMessages":[],"meta":{}},{"ancestorTitles":[],"fullName":"[sub] expect the result of 1 + 'a' to be an error","status":"passed","title":"[sub] expect the result of 1 + 'a' to be an error","duration":0.19655299999999443,"failureMessages":[],"meta":{}},{"ancestorTitles":[],"fullName":"[sub] expect the result of v + [a] to be an error","status":"passed","title":"[sub] expect the result of v + [a] to be an error","duration":0.09794699999997647,"failureMessages":[],"meta":{}},{"ancestorTitles":[],"fullName":"[rotate] expect the result of [1, 2, 3, 4] to be [2, 3, 4, 1]","status":"passed","title":"[rotate] expect the result of [1, 2, 3, 4] to be [2, 3, 4, 1]","duration":0.4332679999999982,"failureMessages":[],"meta":{}},{"ancestorTitles":[],"fullName":"[rotate] expect the result of [a, 2, 3, 4] to be an error","status":"passed","title":"[rotate] expect the result of [a, 2, 3, 4] to be an error","duration":0.07166200000000345,"failureMessages":[],"meta":{}},{"ancestorTitles":[],"fullName":"[rotate] expect the result of [1, 2, 3, 4, 5] to be [2, 3, 4, 5, 1]","status":"passed","title":"[rotate] expect the result of [1, 2, 3, 4, 5] to be [2, 3, 4, 5, 1]","duration":0.1301859999999806,"failureMessages":[],"meta":{}},{"ancestorTitles":[],"fullName":"[rotate] expect the result of [1] to be [1]","status":"passed","title":"[rotate] expect the result of [1] to be [1]","duration":0.0861290000000281,"failureMessages":[],"meta":{}},{"ancestorTitles":[],"fullName":"[rotate] expect the result of [] to be []","status":"passed","title":"[rotate] expect the result of [] to be []","duration":0.11439699999999675,"failureMessages":[],"meta":{}},{"ancestorTitles":[],"fullName":"[rotate] expect the result of [[1], 2, 3, 4, 5, 6, 7, 8, 9, 10] to be an error","status":"passed","title":"[rotate] expect the result of [[1], 2, 3, 4, 5, 6, 7, 8, 9, 10] to be an error","duration":0.06587100000001556,"failureMessages":[],"meta":{}}],"startTime":1756198007119,"endTime":1756198007123.1301,"status":"passed","message":"","name":"/home/pepito/Cours/ict-324/documentation/solution/js-test/src/math.test.js"}]}