<?xml version="1.0" encoding="UTF-8"?>
<coverage generated="1787811854549" clover="3.2.0">
  <project timestamp="1787811854549" name="All files">
    <metrics statements="11" coveredstatements="11" conditionals="9" coveredconditionals="9" methods="1" coveredmethods="1" elements="21" coveredelements="21" complexity="0" loc="11" ncloc="11" packages="1" files="1" classes="1"/>
    <file name="Utils.js" path="/home/pepito/WIP/ict324/src/Utils.js">
      <metrics statements="11" coveredstatements="11" conditionals="9" coveredconditionals="9" methods="1" coveredmethods="1"/>
      <line num="14" count="22" type="cond" truecount="2" falsecount="0"/>
      <line num="15" count="3" type="stmt"/>
      <line num="18" count="19" type="stmt"/>
      <line num="20" count="19" type="cond" truecount="2" falsecount="0"/>
      <line num="21" count="2" type="stmt"/>
      <line num="25" count="17" type="stmt"/>
      <line num="28" count="17" type="stmt"/>
      <line num="31" count="17" type="stmt"/>
      <line num="33" count="17" type="cond" truecount="2" falsecount="0"/>
      <line num="38" count="8" type="stmt"/>
      <line num="41" count="9" type="stmt"/>
    </file>
  </project>
</coverage>
