{"/home/pepito/WIP/ict324/src/Utils.js": {"path":"/home/pepito/WIP/ict324/src/Utils.js","statementMap":{"0":{"start":{"line":14,"column":2},"end":{"line":16,"column":null}},"1":{"start":{"line":15,"column":4},"end":{"line":15,"column":null}},"2":{"start":{"line":18,"column":16},"end":{"line":18,"column":null}},"3":{"start":{"line":20,"column":2},"end":{"line":22,"column":null}},"4":{"start":{"line":21,"column":4},"end":{"line":21,"column":null}},"5":{"start":{"line":25,"column":30},"end":{"line":25,"column":null}},"6":{"start":{"line":28,"column":27},"end":{"line":28,"column":null}},"7":{"start":{"line":31,"column":27},"end":{"line":31,"column":null}},"8":{"start":{"line":33,"column":2},"end":{"line":39,"column":null}},"9":{"start":{"line":38,"column":4},"end":{"line":38,"column":null}},"10":{"start":{"line":41,"column":2},"end":{"line":41,"column":null}}},"fnMap":{"0":{"name":"cleanUsername","decl":{"start":{"line":13,"column":16},"end":{"line":13,"column":29}},"loc":{"start":{"line":13,"column":37},"end":{"line":42,"column":null}},"line":13}},"branchMap":{"0":{"loc":{"start":{"line":14,"column":2},"end":{"line":16,"column":null}},"type":"if","locations":[{"start":{"line":14,"column":2},"end":{"line":16,"column":null}},{"start":{},"end":{}}],"line":14},"1":{"loc":{"start":{"line":20,"column":2},"end":{"line":22,"column":null}},"type":"if","locations":[{"start":{"line":20,"column":2},"end":{"line":22,"column":null}},{"start":{},"end":{}}],"line":20},"2":{"loc":{"start":{"line":33,"column":2},"end":{"line":39,"column":null}},"type":"if","locations":[{"start":{"line":33,"column":2},"end":{"line":39,"column":null}},{"start":{},"end":{}}],"line":33},"3":{"loc":{"start":{"line":34,"column":4},"end":{"line":36,"column":null}},"type":"binary-expr","locations":[{"start":{"line":34,"column":4},"end":{"line":34,"column":35}},{"start":{"line":35,"column":4},"end":{"line":35,"column":32}},{"start":{"line":36,"column":4},"end":{"line":36,"column":null}}],"line":34}},"s":{"0":22,"1":3,"2":19,"3":19,"4":2,"5":17,"6":17,"7":17,"8":17,"9":8,"10":9},"f":{"0":22},"b":{"0":[3,19],"1":[2,17],"2":[8,9],"3":[17,13,11]},"meta":{"lastBranch":4,"lastFunction":1,"lastStatement":11,"seen":{"f:13:16:13:29":0,"b:14:2:16:Infinity:undefined:undefined:undefined:undefined":0,"s:14:2:16:Infinity":0,"s:15:4:15:Infinity":1,"s:18:16:18:Infinity":2,"b:20:2:22:Infinity:undefined:undefined:undefined:undefined":1,"s:20:2:22:Infinity":3,"s:21:4:21:Infinity":4,"s:25:30:25:Infinity":5,"s:28:27:28:Infinity":6,"s:31:27:31:Infinity":7,"b:33:2:39:Infinity:undefined:undefined:undefined:undefined":2,"s:33:2:39:Infinity":8,"b:34:4:34:35:35:4:35:32:36:4:36:Infinity":3,"s:38:4:38:Infinity":9,"s:41:2:41:Infinity":10},"fnNames":{}}}
}
